{"total": {"lines":{"total":10430,"covered":699,"skipped":0,"pct":6.7},"statements":{"total":11107,"covered":739,"skipped":0,"pct":6.65},"functions":{"total":1336,"covered":134,"skipped":0,"pct":10.02},"branches":{"total":9718,"covered":583,"skipped":0,"pct":5.99},"branchesTrue":{"total":0,"covered":0,"skipped":0,"pct":100}}
,"D:\\Cursor Projects\\portfolio-2026-hal\\agents\\api\\scripts\\run.ts": {"lines":{"total":39,"covered":0,"skipped":0,"pct":0},"functions":{"total":3,"covered":0,"skipped":0,"pct":0},"statements":{"total":40,"covered":0,"skipped":0,"pct":0},"branches":{"total":25,"covered":0,"skipped":0,"pct":0}}
,"D:\\Cursor Projects\\portfolio-2026-hal\\agents\\src\\agents\\projectManager.ts": {"lines":{"total":1202,"covered":0,"skipped":0,"pct":0},"functions":{"total":125,"covered":0,"skipped":0,"pct":0},"statements":{"total":1248,"covered":0,"skipped":0,"pct":0},"branches":{"total":1225,"covered":0,"skipped":0,"pct":0}}
,"D:\\Cursor Projects\\portfolio-2026-hal\\agents\\src\\agents\\qaTools.ts": {"lines":{"total":58,"covered":0,"skipped":0,"pct":0},"functions":{"total":6,"covered":0,"skipped":0,"pct":0},"statements":{"total":68,"covered":0,"skipped":0,"pct":0},"branches":{"total":58,"covered":0,"skipped":0,"pct":0}}
,"D:\\Cursor Projects\\portfolio-2026-hal\\agents\\src\\agents\\runner.ts": {"lines":{"total":2,"covered":0,"skipped":0,"pct":0},"functions":{"total":1,"covered":0,"skipped":0,"pct":0},"statements":{"total":2,"covered":0,"skipped":0,"pct":0},"branches":{"total":0,"covered":0,"skipped":0,"pct":100}}
,"D:\\Cursor Projects\\portfolio-2026-hal\\agents\\src\\agents\\tools.ts": {"lines":{"total":51,"covered":0,"skipped":0,"pct":0},"functions":{"total":5,"covered":0,"skipped":0,"pct":0},"statements":{"total":54,"covered":0,"skipped":0,"pct":0},"branches":{"total":32,"covered":0,"skipped":0,"pct":0}}
,"D:\\Cursor Projects\\portfolio-2026-hal\\agents\\src\\lib\\ticketBodyNormalization.ts": {"lines":{"total":20,"covered":20,"skipped":0,"pct":100},"functions":{"total":3,"covered":3,"skipped":0,"pct":100},"statements":{"total":22,"covered":22,"skipped":0,"pct":100},"branches":{"total":10,"covered":10,"skipped":0,"pct":100}}
,"D:\\Cursor Projects\\portfolio-2026-hal\\agents\\src\\utils\\redact.ts": {"lines":{"total":19,"covered":0,"skipped":0,"pct":0},"functions":{"total":4,"covered":0,"skipped":0,"pct":0},"statements":{"total":20,"covered":0,"skipped":0,"pct":0},"branches":{"total":13,"covered":0,"skipped":0,"pct":0}}
,"D:\\Cursor Projects\\portfolio-2026-hal\\agents\\src\\utils\\sandbox.ts": {"lines":{"total":6,"covered":0,"skipped":0,"pct":0},"functions":{"total":1,"covered":0,"skipped":0,"pct":0},"statements":{"total":6,"covered":0,"skipped":0,"pct":0},"branches":{"total":6,"covered":0,"skipped":0,"pct":0}}
,"D:\\Cursor Projects\\portfolio-2026-hal\\api\\_lib\\strip-qa-from-ticket-body.ts": {"lines":{"total":35,"covered":0,"skipped":0,"pct":0},"functions":{"total":1,"covered":0,"skipped":0,"pct":0},"statements":{"total":39,"covered":0,"skipped":0,"pct":0},"branches":{"total":33,"covered":0,"skipped":0,"pct":0}}
,"D:\\Cursor Projects\\portfolio-2026-hal\\api\\_lib\\github\\artifacts.ts": {"lines":{"total":59,"covered":48,"skipped":0,"pct":81.35},"functions":{"total":6,"covered":6,"skipped":0,"pct":100},"statements":{"total":67,"covered":52,"skipped":0,"pct":77.61},"branches":{"total":71,"covered":47,"skipped":0,"pct":66.19}}
,"D:\\Cursor Projects\\portfolio-2026-hal\\api\\_lib\\github\\auth.ts": {"lines":{"total":8,"covered":8,"skipped":0,"pct":100},"functions":{"total":2,"covered":1,"skipped":0,"pct":50},"statements":{"total":9,"covered":8,"skipped":0,"pct":88.88},"branches":{"total":8,"covered":7,"skipped":0,"pct":87.5}}
,"D:\\Cursor Projects\\portfolio-2026-hal\\api\\_lib\\github\\client.ts": {"lines":{"total":6,"covered":6,"skipped":0,"pct":100},"functions":{"total":3,"covered":2,"skipped":0,"pct":66.66},"statements":{"total":7,"covered":6,"skipped":0,"pct":85.71},"branches":{"total":4,"covered":4,"skipped":0,"pct":100}}
,"D:\\Cursor Projects\\portfolio-2026-hal\\api\\_lib\\github\\config.ts": {"lines":{"total":18,"covered":3,"skipped":0,"pct":16.66},"functions":{"total":3,"covered":1,"skipped":0,"pct":33.33},"statements":{"total":21,"covered":3,"skipped":0,"pct":14.28},"branches":{"total":28,"covered":3,"skipped":0,"pct":10.71}}
,"D:\\Cursor Projects\\portfolio-2026-hal\\api\\_lib\\github\\files.ts": {"lines":{"total":35,"covered":28,"skipped":0,"pct":80},"functions":{"total":3,"covered":3,"skipped":0,"pct":100},"statements":{"total":39,"covered":30,"skipped":0,"pct":76.92},"branches":{"total":35,"covered":22,"skipped":0,"pct":62.85}}
,"D:\\Cursor Projects\\portfolio-2026-hal\\api\\_lib\\github\\githubApi.ts": {"lines":{"total":1,"covered":0,"skipped":0,"pct":0},"functions":{"total":0,"covered":0,"skipped":0,"pct":100},"statements":{"total":1,"covered":0,"skipped":0,"pct":0},"branches":{"total":0,"covered":0,"skipped":0,"pct":100}}
,"D:\\Cursor Projects\\portfolio-2026-hal\\api\\_lib\\github\\index.ts": {"lines":{"total":0,"covered":0,"skipped":0,"pct":100},"functions":{"total":0,"covered":0,"skipped":0,"pct":100},"statements":{"total":0,"covered":0,"skipped":0,"pct":100},"branches":{"total":0,"covered":0,"skipped":0,"pct":100}}
,"D:\\Cursor Projects\\portfolio-2026-hal\\api\\_lib\\github\\pullRequests.ts": {"lines":{"total":33,"covered":21,"skipped":0,"pct":63.63},"functions":{"total":2,"covered":2,"skipped":0,"pct":100},"statements":{"total":34,"covered":22,"skipped":0,"pct":64.7},"branches":{"total":18,"covered":8,"skipped":0,"pct":44.44}}
,"D:\\Cursor Projects\\portfolio-2026-hal\\api\\_lib\\github\\repos.ts": {"lines":{"total":26,"covered":13,"skipped":0,"pct":50},"functions":{"total":3,"covered":2,"skipped":0,"pct":66.66},"statements":{"total":28,"covered":14,"skipped":0,"pct":50},"branches":{"total":17,"covered":6,"skipped":0,"pct":35.29}}
,"D:\\Cursor Projects\\portfolio-2026-hal\\api\\_lib\\github\\search.ts": {"lines":{"total":21,"covered":19,"skipped":0,"pct":90.47},"functions":{"total":2,"covered":2,"skipped":0,"pct":100},"statements":{"total":24,"covered":21,"skipped":0,"pct":87.5},"branches":{"total":23,"covered":11,"skipped":0,"pct":47.82}}
,"D:\\Cursor Projects\\portfolio-2026-hal\\api\\_lib\\github\\session.ts": {"lines":{"total":2,"covered":0,"skipped":0,"pct":0},"functions":{"total":2,"covered":0,"skipped":0,"pct":0},"statements":{"total":2,"covered":0,"skipped":0,"pct":0},"branches":{"total":0,"covered":0,"skipped":0,"pct":100}}
,"D:\\Cursor Projects\\portfolio-2026-hal\\api\\_lib\\github\\test-helpers.ts": {"lines":{"total":4,"covered":4,"skipped":0,"pct":100},"functions":{"total":1,"covered":1,"skipped":0,"pct":100},"statements":{"total":4,"covered":4,"skipped":0,"pct":100},"branches":{"total":0,"covered":0,"skipped":0,"pct":100}}
,"D:\\Cursor Projects\\portfolio-2026-hal\\api\\agent-runs\\_shared.ts": {"lines":{"total":101,"covered":0,"skipped":0,"pct":0},"functions":{"total":9,"covered":0,"skipped":0,"pct":0},"statements":{"total":111,"covered":0,"skipped":0,"pct":0},"branches":{"total":93,"covered":0,"skipped":0,"pct":0}}
,"D:\\Cursor Projects\\portfolio-2026-hal\\api\\agent-runs\\cancel.ts": {"lines":{"total":71,"covered":0,"skipped":0,"pct":0},"functions":{"total":4,"covered":0,"skipped":0,"pct":0},"statements":{"total":74,"covered":0,"skipped":0,"pct":0},"branches":{"total":58,"covered":0,"skipped":0,"pct":0}}
,"D:\\Cursor Projects\\portfolio-2026-hal\\api\\agent-runs\\launch.ts": {"lines":{"total":111,"covered":0,"skipped":0,"pct":0},"functions":{"total":4,"covered":0,"skipped":0,"pct":0},"statements":{"total":114,"covered":0,"skipped":0,"pct":0},"branches":{"total":125,"covered":0,"skipped":0,"pct":0}}
,"D:\\Cursor Projects\\portfolio-2026-hal\\api\\agent-runs\\status.ts": {"lines":{"total":178,"covered":0,"skipped":0,"pct":0},"functions":{"total":14,"covered":0,"skipped":0,"pct":0},"statements":{"total":193,"covered":0,"skipped":0,"pct":0},"branches":{"total":191,"covered":0,"skipped":0,"pct":0}}
,"D:\\Cursor Projects\\portfolio-2026-hal\\api\\agent-runs\\sync-artifacts.ts": {"lines":{"total":73,"covered":0,"skipped":0,"pct":0},"functions":{"total":5,"covered":0,"skipped":0,"pct":0},"statements":{"total":76,"covered":0,"skipped":0,"pct":0},"branches":{"total":55,"covered":0,"skipped":0,"pct":0}}
,"D:\\Cursor Projects\\portfolio-2026-hal\\api\\agent-tools\\_artifact-cleanup.ts": {"lines":{"total":31,"covered":31,"skipped":0,"pct":100},"functions":{"total":7,"covered":7,"skipped":0,"pct":100},"statements":{"total":32,"covered":32,"skipped":0,"pct":100},"branches":{"total":23,"covered":22,"skipped":0,"pct":95.65}}
,"D:\\Cursor Projects\\portfolio-2026-hal\\api\\agent-tools\\_http-utils.ts": {"lines":{"total":9,"covered":9,"skipped":0,"pct":100},"functions":{"total":2,"covered":2,"skipped":0,"pct":100},"statements":{"total":10,"covered":10,"skipped":0,"pct":100},"branches":{"total":4,"covered":4,"skipped":0,"pct":100}}
,"D:\\Cursor Projects\\portfolio-2026-hal\\api\\agent-tools\\_validation.ts": {"lines":{"total":8,"covered":8,"skipped":0,"pct":100},"functions":{"total":2,"covered":2,"skipped":0,"pct":100},"statements":{"total":8,"covered":8,"skipped":0,"pct":100},"branches":{"total":8,"covered":6,"skipped":0,"pct":75}}
,"D:\\Cursor Projects\\portfolio-2026-hal\\api\\agent-tools\\execute.ts": {"lines":{"total":74,"covered":0,"skipped":0,"pct":0},"functions":{"total":1,"covered":0,"skipped":0,"pct":0},"statements":{"total":81,"covered":0,"skipped":0,"pct":0},"branches":{"total":78,"covered":0,"skipped":0,"pct":0}}
,"D:\\Cursor Projects\\portfolio-2026-hal\\api\\agent-tools\\_tools\\get-artifacts.ts": {"lines":{"total":48,"covered":0,"skipped":0,"pct":0},"functions":{"total":5,"covered":0,"skipped":0,"pct":0},"statements":{"total":49,"covered":0,"skipped":0,"pct":0},"branches":{"total":40,"covered":0,"skipped":0,"pct":0}}
,"D:\\Cursor Projects\\portfolio-2026-hal\\api\\agent-tools\\_tools\\get-ticket-content.ts": {"lines":{"total":19,"covered":0,"skipped":0,"pct":0},"functions":{"total":1,"covered":0,"skipped":0,"pct":0},"statements":{"total":19,"covered":0,"skipped":0,"pct":0},"branches":{"total":18,"covered":0,"skipped":0,"pct":0}}
,"D:\\Cursor Projects\\portfolio-2026-hal\\api\\agent-tools\\_tools\\insert-implementation-artifact.ts": {"lines":{"total":66,"covered":0,"skipped":0,"pct":0},"functions":{"total":2,"covered":0,"skipped":0,"pct":0},"statements":{"total":67,"covered":0,"skipped":0,"pct":0},"branches":{"total":62,"covered":0,"skipped":0,"pct":0}}
,"D:\\Cursor Projects\\portfolio-2026-hal\\api\\agent-tools\\_tools\\insert-qa-artifact.ts": {"lines":{"total":66,"covered":0,"skipped":0,"pct":0},"functions":{"total":2,"covered":0,"skipped":0,"pct":0},"statements":{"total":67,"covered":0,"skipped":0,"pct":0},"branches":{"total":62,"covered":0,"skipped":0,"pct":0}}
,"D:\\Cursor Projects\\portfolio-2026-hal\\api\\agent-tools\\_tools\\move-ticket-column.ts": {"lines":{"total":18,"covered":0,"skipped":0,"pct":0},"functions":{"total":1,"covered":0,"skipped":0,"pct":0},"statements":{"total":18,"covered":0,"skipped":0,"pct":0},"branches":{"total":20,"covered":0,"skipped":0,"pct":0}}
,"D:\\Cursor Projects\\portfolio-2026-hal\\api\\agent-tools\\_tools\\update-ticket-body.ts": {"lines":{"total":13,"covered":0,"skipped":0,"pct":0},"functions":{"total":1,"covered":0,"skipped":0,"pct":0},"statements":{"total":13,"covered":0,"skipped":0,"pct":0},"branches":{"total":10,"covered":0,"skipped":0,"pct":0}}
,"D:\\Cursor Projects\\portfolio-2026-hal\\api\\artifacts\\_artifact-cleanup.ts": {"lines":{"total":17,"covered":0,"skipped":0,"pct":0},"functions":{"total":3,"covered":0,"skipped":0,"pct":0},"statements":{"total":19,"covered":0,"skipped":0,"pct":0},"branches":{"total":14,"covered":0,"skipped":0,"pct":0}}
,"D:\\Cursor Projects\\portfolio-2026-hal\\api\\artifacts\\_artifact-operations.ts": {"lines":{"total":48,"covered":0,"skipped":0,"pct":0},"functions":{"total":6,"covered":0,"skipped":0,"pct":0},"statements":{"total":50,"covered":0,"skipped":0,"pct":0},"branches":{"total":37,"covered":0,"skipped":0,"pct":0}}
,"D:\\Cursor Projects\\portfolio-2026-hal\\api\\artifacts\\_artifact-storage.ts": {"lines":{"total":40,"covered":0,"skipped":0,"pct":0},"functions":{"total":5,"covered":0,"skipped":0,"pct":0},"statements":{"total":42,"covered":0,"skipped":0,"pct":0},"branches":{"total":31,"covered":0,"skipped":0,"pct":0}}
,"D:\\Cursor Projects\\portfolio-2026-hal\\api\\artifacts\\_http-utils.ts": {"lines":{"total":18,"covered":0,"skipped":0,"pct":0},"functions":{"total":4,"covered":0,"skipped":0,"pct":0},"statements":{"total":19,"covered":0,"skipped":0,"pct":0},"branches":{"total":8,"covered":0,"skipped":0,"pct":0}}
,"D:\\Cursor Projects\\portfolio-2026-hal\\api\\artifacts\\_log-attempt.ts": {"lines":{"total":3,"covered":0,"skipped":0,"pct":0},"functions":{"total":1,"covered":0,"skipped":0,"pct":0},"statements":{"total":3,"covered":0,"skipped":0,"pct":0},"branches":{"total":6,"covered":0,"skipped":0,"pct":0}}
,"D:\\Cursor Projects\\portfolio-2026-hal\\api\\artifacts\\_request-handling.ts": {"lines":{"total":13,"covered":0,"skipped":0,"pct":0},"functions":{"total":4,"covered":0,"skipped":0,"pct":0},"statements":{"total":13,"covered":0,"skipped":0,"pct":0},"branches":{"total":35,"covered":0,"skipped":0,"pct":0}}
,"D:\\Cursor Projects\\portfolio-2026-hal\\api\\artifacts\\_request-parsing.ts": {"lines":{"total":19,"covered":0,"skipped":0,"pct":0},"functions":{"total":4,"covered":0,"skipped":0,"pct":0},"statements":{"total":19,"covered":0,"skipped":0,"pct":0},"branches":{"total":42,"covered":0,"skipped":0,"pct":0}}
,"D:\\Cursor Projects\\portfolio-2026-hal\\api\\artifacts\\_shared.ts": {"lines":{"total":55,"covered":0,"skipped":0,"pct":0},"functions":{"total":12,"covered":0,"skipped":0,"pct":0},"statements":{"total":75,"covered":0,"skipped":0,"pct":0},"branches":{"total":62,"covered":0,"skipped":0,"pct":0}}
,"D:\\Cursor Projects\\portfolio-2026-hal\\api\\artifacts\\_supabase-utils.ts": {"lines":{"total":12,"covered":0,"skipped":0,"pct":0},"functions":{"total":3,"covered":0,"skipped":0,"pct":0},"statements":{"total":12,"covered":0,"skipped":0,"pct":0},"branches":{"total":6,"covered":0,"skipped":0,"pct":0}}
,"D:\\Cursor Projects\\portfolio-2026-hal\\api\\artifacts\\_ticket-lookup.ts": {"lines":{"total":13,"covered":0,"skipped":0,"pct":0},"functions":{"total":2,"covered":0,"skipped":0,"pct":0},"statements":{"total":13,"covered":0,"skipped":0,"pct":0},"branches":{"total":8,"covered":0,"skipped":0,"pct":0}}
,"D:\\Cursor Projects\\portfolio-2026-hal\\api\\artifacts\\_validation.ts": {"lines":{"total":41,"covered":37,"skipped":0,"pct":90.24},"functions":{"total":4,"covered":4,"skipped":0,"pct":100},"statements":{"total":42,"covered":38,"skipped":0,"pct":90.47},"branches":{"total":36,"covered":32,"skipped":0,"pct":88.88}}
,"D:\\Cursor Projects\\portfolio-2026-hal\\api\\artifacts\\cleanup-duplicates.ts": {"lines":{"total":104,"covered":0,"skipped":0,"pct":0},"functions":{"total":9,"covered":0,"skipped":0,"pct":0},"statements":{"total":118,"covered":0,"skipped":0,"pct":0},"branches":{"total":88,"covered":0,"skipped":0,"pct":0}}
,"D:\\Cursor Projects\\portfolio-2026-hal\\api\\artifacts\\get-diagnostics.ts": {"lines":{"total":74,"covered":0,"skipped":0,"pct":0},"functions":{"total":8,"covered":0,"skipped":0,"pct":0},"statements":{"total":76,"covered":0,"skipped":0,"pct":0},"branches":{"total":71,"covered":0,"skipped":0,"pct":0}}
,"D:\\Cursor Projects\\portfolio-2026-hal\\api\\artifacts\\get.ts": {"lines":{"total":113,"covered":0,"skipped":0,"pct":0},"functions":{"total":9,"covered":0,"skipped":0,"pct":0},"statements":{"total":119,"covered":0,"skipped":0,"pct":0},"branches":{"total":105,"covered":0,"skipped":0,"pct":0}}
,"D:\\Cursor Projects\\portfolio-2026-hal\\api\\artifacts\\insert-implementation.ts": {"lines":{"total":55,"covered":0,"skipped":0,"pct":0},"functions":{"total":1,"covered":0,"skipped":0,"pct":0},"statements":{"total":55,"covered":0,"skipped":0,"pct":0},"branches":{"total":62,"covered":0,"skipped":0,"pct":0}}
,"D:\\Cursor Projects\\portfolio-2026-hal\\api\\artifacts\\insert-qa.ts": {"lines":{"total":67,"covered":0,"skipped":0,"pct":0},"functions":{"total":3,"covered":0,"skipped":0,"pct":0},"statements":{"total":67,"covered":0,"skipped":0,"pct":0},"branches":{"total":71,"covered":0,"skipped":0,"pct":0}}
,"D:\\Cursor Projects\\portfolio-2026-hal\\api\\artifacts\\inspect.ts": {"lines":{"total":82,"covered":0,"skipped":0,"pct":0},"functions":{"total":7,"covered":0,"skipped":0,"pct":0},"statements":{"total":84,"covered":0,"skipped":0,"pct":0},"branches":{"total":76,"covered":0,"skipped":0,"pct":0}}
,"D:\\Cursor Projects\\portfolio-2026-hal\\api\\auth\\logout.ts": {"lines":{"total":19,"covered":0,"skipped":0,"pct":0},"functions":{"total":2,"covered":0,"skipped":0,"pct":0},"statements":{"total":19,"covered":0,"skipped":0,"pct":0},"branches":{"total":8,"covered":0,"skipped":0,"pct":0}}
,"D:\\Cursor Projects\\portfolio-2026-hal\\api\\auth\\me.ts": {"lines":{"total":47,"covered":0,"skipped":0,"pct":0},"functions":{"total":8,"covered":0,"skipped":0,"pct":0},"statements":{"total":49,"covered":0,"skipped":0,"pct":0},"branches":{"total":42,"covered":0,"skipped":0,"pct":0}}
,"D:\\Cursor Projects\\portfolio-2026-hal\\api\\auth\\github\\callback.ts": {"lines":{"total":38,"covered":0,"skipped":0,"pct":0},"functions":{"total":3,"covered":0,"skipped":0,"pct":0},"statements":{"total":38,"covered":0,"skipped":0,"pct":0},"branches":{"total":18,"covered":0,"skipped":0,"pct":0}}
,"D:\\Cursor Projects\\portfolio-2026-hal\\api\\auth\\github\\start.ts": {"lines":{"total":87,"covered":0,"skipped":0,"pct":0},"functions":{"total":9,"covered":0,"skipped":0,"pct":0},"statements":{"total":90,"covered":0,"skipped":0,"pct":0},"branches":{"total":54,"covered":0,"skipped":0,"pct":0}}
,"D:\\Cursor Projects\\portfolio-2026-hal\\api\\columns\\list.ts": {"lines":{"total":51,"covered":0,"skipped":0,"pct":0},"functions":{"total":4,"covered":0,"skipped":0,"pct":0},"statements":{"total":52,"covered":0,"skipped":0,"pct":0},"branches":{"total":42,"covered":0,"skipped":0,"pct":0}}
,"D:\\Cursor Projects\\portfolio-2026-hal\\api\\conversations\\working-memory\\get.ts": {"lines":{"total":42,"covered":0,"skipped":0,"pct":0},"functions":{"total":3,"covered":0,"skipped":0,"pct":0},"statements":{"total":43,"covered":0,"skipped":0,"pct":0},"branches":{"total":60,"covered":0,"skipped":0,"pct":0}}
,"D:\\Cursor Projects\\portfolio-2026-hal\\api\\conversations\\working-memory\\update.ts": {"lines":{"total":81,"covered":0,"skipped":0,"pct":0},"functions":{"total":4,"covered":0,"skipped":0,"pct":0},"statements":{"total":82,"covered":0,"skipped":0,"pct":0},"branches":{"total":128,"covered":0,"skipped":0,"pct":0}}
,"D:\\Cursor Projects\\portfolio-2026-hal\\api\\github\\repos.ts": {"lines":{"total":19,"covered":0,"skipped":0,"pct":0},"functions":{"total":1,"covered":0,"skipped":0,"pct":0},"statements":{"total":19,"covered":0,"skipped":0,"pct":0},"branches":{"total":6,"covered":0,"skipped":0,"pct":0}}
,"D:\\Cursor Projects\\portfolio-2026-hal\\api\\implementation-agent\\run.ts": {"lines":{"total":162,"covered":0,"skipped":0,"pct":0},"functions":{"total":7,"covered":0,"skipped":0,"pct":0},"statements":{"total":171,"covered":0,"skipped":0,"pct":0},"branches":{"total":135,"covered":0,"skipped":0,"pct":0}}
,"D:\\Cursor Projects\\portfolio-2026-hal\\api\\instructions\\get-index.ts": {"lines":{"total":79,"covered":0,"skipped":0,"pct":0},"functions":{"total":9,"covered":0,"skipped":0,"pct":0},"statements":{"total":83,"covered":0,"skipped":0,"pct":0},"branches":{"total":101,"covered":0,"skipped":0,"pct":0}}
,"D:\\Cursor Projects\\portfolio-2026-hal\\api\\instructions\\get-topic.ts": {"lines":{"total":56,"covered":0,"skipped":0,"pct":0},"functions":{"total":3,"covered":0,"skipped":0,"pct":0},"statements":{"total":57,"covered":0,"skipped":0,"pct":0},"branches":{"total":64,"covered":0,"skipped":0,"pct":0}}
,"D:\\Cursor Projects\\portfolio-2026-hal\\api\\instructions\\get.ts": {"lines":{"total":52,"covered":0,"skipped":0,"pct":0},"functions":{"total":5,"covered":0,"skipped":0,"pct":0},"statements":{"total":54,"covered":0,"skipped":0,"pct":0},"branches":{"total":53,"covered":0,"skipped":0,"pct":0}}
,"D:\\Cursor Projects\\portfolio-2026-hal\\api\\instructions\\migrate-docs.ts": {"lines":{"total":96,"covered":0,"skipped":0,"pct":0},"functions":{"total":7,"covered":0,"skipped":0,"pct":0},"statements":{"total":102,"covered":0,"skipped":0,"pct":0},"branches":{"total":81,"covered":0,"skipped":0,"pct":0}}
,"D:\\Cursor Projects\\portfolio-2026-hal\\api\\instructions\\migrate-process-docs.ts": {"lines":{"total":120,"covered":0,"skipped":0,"pct":0},"functions":{"total":10,"covered":0,"skipped":0,"pct":0},"statements":{"total":123,"covered":0,"skipped":0,"pct":0},"branches":{"total":94,"covered":0,"skipped":0,"pct":0}}
,"D:\\Cursor Projects\\portfolio-2026-hal\\api\\instructions\\migrate.ts": {"lines":{"total":102,"covered":0,"skipped":0,"pct":0},"functions":{"total":5,"covered":0,"skipped":0,"pct":0},"statements":{"total":104,"covered":0,"skipped":0,"pct":0},"branches":{"total":86,"covered":0,"skipped":0,"pct":0}}
,"D:\\Cursor Projects\\portfolio-2026-hal\\api\\instructions\\update.ts": {"lines":{"total":69,"covered":0,"skipped":0,"pct":0},"functions":{"total":4,"covered":0,"skipped":0,"pct":0},"statements":{"total":71,"covered":0,"skipped":0,"pct":0},"branches":{"total":54,"covered":0,"skipped":0,"pct":0}}
,"D:\\Cursor Projects\\portfolio-2026-hal\\api\\pm\\check-unassigned.ts": {"lines":{"total":48,"covered":0,"skipped":0,"pct":0},"functions":{"total":4,"covered":0,"skipped":0,"pct":0},"statements":{"total":49,"covered":0,"skipped":0,"pct":0},"branches":{"total":46,"covered":0,"skipped":0,"pct":0}}
,"D:\\Cursor Projects\\portfolio-2026-hal\\api\\pm\\refresh-working-memory.ts": {"lines":{"total":44,"covered":0,"skipped":0,"pct":0},"functions":{"total":4,"covered":0,"skipped":0,"pct":0},"statements":{"total":46,"covered":0,"skipped":0,"pct":0},"branches":{"total":48,"covered":0,"skipped":0,"pct":0}}
,"D:\\Cursor Projects\\portfolio-2026-hal\\api\\pm\\working-memory.ts": {"lines":{"total":60,"covered":0,"skipped":0,"pct":0},"functions":{"total":8,"covered":0,"skipped":0,"pct":0},"statements":{"total":64,"covered":0,"skipped":0,"pct":0},"branches":{"total":103,"covered":0,"skipped":0,"pct":0}}
,"D:\\Cursor Projects\\portfolio-2026-hal\\api\\pm-agent\\launch.ts": {"lines":{"total":64,"covered":0,"skipped":0,"pct":0},"functions":{"total":3,"covered":0,"skipped":0,"pct":0},"statements":{"total":66,"covered":0,"skipped":0,"pct":0},"branches":{"total":36,"covered":0,"skipped":0,"pct":0}}
,"D:\\Cursor Projects\\portfolio-2026-hal\\api\\pm\\file-access\\index.ts": {"lines":{"total":51,"covered":0,"skipped":0,"pct":0},"functions":{"total":5,"covered":0,"skipped":0,"pct":0},"statements":{"total":53,"covered":0,"skipped":0,"pct":0},"branches":{"total":56,"covered":0,"skipped":0,"pct":0}}
,"D:\\Cursor Projects\\portfolio-2026-hal\\api\\pm\\file-access\\pending.ts": {"lines":{"total":31,"covered":0,"skipped":0,"pct":0},"functions":{"total":4,"covered":0,"skipped":0,"pct":0},"statements":{"total":33,"covered":0,"skipped":0,"pct":0},"branches":{"total":37,"covered":0,"skipped":0,"pct":0}}
,"D:\\Cursor Projects\\portfolio-2026-hal\\api\\pm\\file-access\\result.ts": {"lines":{"total":46,"covered":0,"skipped":0,"pct":0},"functions":{"total":3,"covered":0,"skipped":0,"pct":0},"statements":{"total":47,"covered":0,"skipped":0,"pct":0},"branches":{"total":39,"covered":0,"skipped":0,"pct":0}}
,"D:\\Cursor Projects\\portfolio-2026-hal\\api\\pm\\working-memory\\get.ts": {"lines":{"total":29,"covered":0,"skipped":0,"pct":0},"functions":{"total":3,"covered":0,"skipped":0,"pct":0},"statements":{"total":30,"covered":0,"skipped":0,"pct":0},"branches":{"total":33,"covered":0,"skipped":0,"pct":0}}
,"D:\\Cursor Projects\\portfolio-2026-hal\\api\\pm\\working-memory\\refresh.ts": {"lines":{"total":52,"covered":0,"skipped":0,"pct":0},"functions":{"total":5,"covered":0,"skipped":0,"pct":0},"statements":{"total":55,"covered":0,"skipped":0,"pct":0},"branches":{"total":47,"covered":0,"skipped":0,"pct":0}}
,"D:\\Cursor Projects\\portfolio-2026-hal\\api\\process-review\\create-tickets.ts": {"lines":{"total":120,"covered":0,"skipped":0,"pct":0},"functions":{"total":8,"covered":0,"skipped":0,"pct":0},"statements":{"total":127,"covered":0,"skipped":0,"pct":0},"branches":{"total":102,"covered":0,"skipped":0,"pct":0}}
,"D:\\Cursor Projects\\portfolio-2026-hal\\api\\process-review\\launch.ts": {"lines":{"total":84,"covered":0,"skipped":0,"pct":0},"functions":{"total":4,"covered":0,"skipped":0,"pct":0},"statements":{"total":85,"covered":0,"skipped":0,"pct":0},"branches":{"total":66,"covered":0,"skipped":0,"pct":0}}
,"D:\\Cursor Projects\\portfolio-2026-hal\\api\\process-review\\run.ts": {"lines":{"total":88,"covered":0,"skipped":0,"pct":0},"functions":{"total":12,"covered":0,"skipped":0,"pct":0},"statements":{"total":91,"covered":0,"skipped":0,"pct":0},"branches":{"total":71,"covered":0,"skipped":0,"pct":0}}
,"D:\\Cursor Projects\\portfolio-2026-hal\\api\\qa-agent\\run.ts": {"lines":{"total":142,"covered":0,"skipped":0,"pct":0},"functions":{"total":6,"covered":0,"skipped":0,"pct":0},"statements":{"total":148,"covered":0,"skipped":0,"pct":0},"branches":{"total":104,"covered":0,"skipped":0,"pct":0}}
,"D:\\Cursor Projects\\portfolio-2026-hal\\api\\scripts\\run.ts": {"lines":{"total":45,"covered":0,"skipped":0,"pct":0},"functions":{"total":3,"covered":0,"skipped":0,"pct":0},"statements":{"total":46,"covered":0,"skipped":0,"pct":0},"branches":{"total":27,"covered":0,"skipped":0,"pct":0}}
,"D:\\Cursor Projects\\portfolio-2026-hal\\api\\tickets\\_failure-escalation.ts": {"lines":{"total":80,"covered":0,"skipped":0,"pct":0},"functions":{"total":6,"covered":0,"skipped":0,"pct":0},"statements":{"total":82,"covered":0,"skipped":0,"pct":0},"branches":{"total":69,"covered":0,"skipped":0,"pct":0}}
,"D:\\Cursor Projects\\portfolio-2026-hal\\api\\tickets\\check-failure-escalation.ts": {"lines":{"total":43,"covered":0,"skipped":0,"pct":0},"functions":{"total":3,"covered":0,"skipped":0,"pct":0},"statements":{"total":44,"covered":0,"skipped":0,"pct":0},"branches":{"total":48,"covered":0,"skipped":0,"pct":0}}
,"D:\\Cursor Projects\\portfolio-2026-hal\\api\\tickets\\create-from-suggestion.ts": {"lines":{"total":92,"covered":0,"skipped":0,"pct":0},"functions":{"total":6,"covered":0,"skipped":0,"pct":0},"statements":{"total":99,"covered":0,"skipped":0,"pct":0},"branches":{"total":103,"covered":0,"skipped":0,"pct":0}}
,"D:\\Cursor Projects\\portfolio-2026-hal\\api\\tickets\\create-general.ts": {"lines":{"total":75,"covered":0,"skipped":0,"pct":0},"functions":{"total":6,"covered":0,"skipped":0,"pct":0},"statements":{"total":82,"covered":0,"skipped":0,"pct":0},"branches":{"total":72,"covered":0,"skipped":0,"pct":0}}
,"D:\\Cursor Projects\\portfolio-2026-hal\\api\\tickets\\create.ts": {"lines":{"total":108,"covered":0,"skipped":0,"pct":0},"functions":{"total":8,"covered":0,"skipped":0,"pct":0},"statements":{"total":116,"covered":0,"skipped":0,"pct":0},"branches":{"total":126,"covered":0,"skipped":0,"pct":0}}
,"D:\\Cursor Projects\\portfolio-2026-hal\\api\\tickets\\delete.ts": {"lines":{"total":39,"covered":0,"skipped":0,"pct":0},"functions":{"total":3,"covered":0,"skipped":0,"pct":0},"statements":{"total":40,"covered":0,"skipped":0,"pct":0},"branches":{"total":38,"covered":0,"skipped":0,"pct":0}}
,"D:\\Cursor Projects\\portfolio-2026-hal\\api\\tickets\\get.ts": {"lines":{"total":87,"covered":0,"skipped":0,"pct":0},"functions":{"total":6,"covered":0,"skipped":0,"pct":0},"statements":{"total":93,"covered":0,"skipped":0,"pct":0},"branches":{"total":105,"covered":0,"skipped":0,"pct":0}}
,"D:\\Cursor Projects\\portfolio-2026-hal\\api\\tickets\\list-by-column.ts": {"lines":{"total":66,"covered":0,"skipped":0,"pct":0},"functions":{"total":6,"covered":0,"skipped":0,"pct":0},"statements":{"total":69,"covered":0,"skipped":0,"pct":0},"branches":{"total":90,"covered":0,"skipped":0,"pct":0}}
,"D:\\Cursor Projects\\portfolio-2026-hal\\api\\tickets\\move.ts": {"lines":{"total":135,"covered":0,"skipped":0,"pct":0},"functions":{"total":9,"covered":0,"skipped":0,"pct":0},"statements":{"total":139,"covered":0,"skipped":0,"pct":0},"branches":{"total":176,"covered":0,"skipped":0,"pct":0}}
,"D:\\Cursor Projects\\portfolio-2026-hal\\api\\tickets\\update.ts": {"lines":{"total":41,"covered":0,"skipped":0,"pct":0},"functions":{"total":3,"covered":0,"skipped":0,"pct":0},"statements":{"total":42,"covered":0,"skipped":0,"pct":0},"branches":{"total":41,"covered":0,"skipped":0,"pct":0}}
,"D:\\Cursor Projects\\portfolio-2026-hal\\projects\\kanban\\vite.lib.config.ts": {"lines":{"total":0,"covered":0,"skipped":0,"pct":100},"functions":{"total":0,"covered":0,"skipped":0,"pct":100},"statements":{"total":0,"covered":0,"skipped":0,"pct":100},"branches":{"total":0,"covered":0,"skipped":0,"pct":100}}
,"D:\\Cursor Projects\\portfolio-2026-hal\\projects\\kanban\\src\\App.tsx": {"lines":{"total":1559,"covered":0,"skipped":0,"pct":0},"functions":{"total":288,"covered":0,"skipped":0,"pct":0},"statements":{"total":1701,"covered":0,"skipped":0,"pct":0},"branches":{"total":1282,"covered":0,"skipped":0,"pct":0}}
,"D:\\Cursor Projects\\portfolio-2026-hal\\projects\\kanban\\src\\GitDiffViewer.tsx": {"lines":{"total":55,"covered":0,"skipped":0,"pct":0},"functions":{"total":5,"covered":0,"skipped":0,"pct":0},"statements":{"total":56,"covered":0,"skipped":0,"pct":0},"branches":{"total":58,"covered":0,"skipped":0,"pct":0}}
,"D:\\Cursor Projects\\portfolio-2026-hal\\projects\\kanban\\src\\HalKanbanContext.tsx": {"lines":{"total":1,"covered":1,"skipped":0,"pct":100},"functions":{"total":0,"covered":0,"skipped":0,"pct":100},"statements":{"total":1,"covered":1,"skipped":0,"pct":100},"branches":{"total":0,"covered":0,"skipped":0,"pct":100}}
,"D:\\Cursor Projects\\portfolio-2026-hal\\projects\\kanban\\src\\KanbanBoard.tsx": {"lines":{"total":4,"covered":0,"skipped":0,"pct":0},"functions":{"total":2,"covered":0,"skipped":0,"pct":0},"statements":{"total":4,"covered":0,"skipped":0,"pct":0},"branches":{"total":6,"covered":0,"skipped":0,"pct":0}}
,"D:\\Cursor Projects\\portfolio-2026-hal\\projects\\kanban\\src\\entry-lib.tsx": {"lines":{"total":0,"covered":0,"skipped":0,"pct":100},"functions":{"total":0,"covered":0,"skipped":0,"pct":100},"statements":{"total":0,"covered":0,"skipped":0,"pct":100},"branches":{"total":0,"covered":0,"skipped":0,"pct":100}}
,"D:\\Cursor Projects\\portfolio-2026-hal\\projects\\kanban\\src\\frontmatter.ts": {"lines":{"total":37,"covered":2,"skipped":0,"pct":5.4},"functions":{"total":8,"covered":1,"skipped":0,"pct":12.5},"statements":{"total":48,"covered":3,"skipped":0,"pct":6.25},"branches":{"total":30,"covered":1,"skipped":0,"pct":3.33}}
,"D:\\Cursor Projects\\portfolio-2026-hal\\projects\\kanban\\src\\main.tsx": {"lines":{"total":1,"covered":0,"skipped":0,"pct":0},"functions":{"total":0,"covered":0,"skipped":0,"pct":100},"statements":{"total":1,"covered":0,"skipped":0,"pct":0},"branches":{"total":0,"covered":0,"skipped":0,"pct":100}}
,"D:\\Cursor Projects\\portfolio-2026-hal\\projects\\kanban\\src\\types.ts": {"lines":{"total":0,"covered":0,"skipped":0,"pct":100},"functions":{"total":0,"covered":0,"skipped":0,"pct":100},"statements":{"total":0,"covered":0,"skipped":0,"pct":100},"branches":{"total":0,"covered":0,"skipped":0,"pct":100}}
,"D:\\Cursor Projects\\portfolio-2026-hal\\projects\\kanban\\src\\vite-env.d.ts": {"lines":{"total":0,"covered":0,"skipped":0,"pct":100},"functions":{"total":0,"covered":0,"skipped":0,"pct":100},"statements":{"total":0,"covered":0,"skipped":0,"pct":100},"branches":{"total":0,"covered":0,"skipped":0,"pct":100}}
,"D:\\Cursor Projects\\portfolio-2026-hal\\projects\\kanban\\src\\components\\ArtifactsSection.tsx": {"lines":{"total":34,"covered":26,"skipped":0,"pct":76.47},"functions":{"total":10,"covered":6,"skipped":0,"pct":60},"statements":{"total":35,"covered":27,"skipped":0,"pct":77.14},"branches":{"total":78,"covered":42,"skipped":0,"pct":53.84}}
,"D:\\Cursor Projects\\portfolio-2026-hal\\projects\\kanban\\src\\components\\AttachmentsSection.tsx": {"lines":{"total":18,"covered":9,"skipped":0,"pct":50},"functions":{"total":7,"covered":3,"skipped":0,"pct":42.85},"statements":{"total":19,"covered":10,"skipped":0,"pct":52.63},"branches":{"total":10,"covered":10,"skipped":0,"pct":100}}
,"D:\\Cursor Projects\\portfolio-2026-hal\\projects\\kanban\\src\\components\\AutoDismissMessage.tsx": {"lines":{"total":4,"covered":0,"skipped":0,"pct":0},"functions":{"total":3,"covered":0,"skipped":0,"pct":0},"statements":{"total":5,"covered":0,"skipped":0,"pct":0},"branches":{"total":0,"covered":0,"skipped":0,"pct":100}}
,"D:\\Cursor Projects\\portfolio-2026-hal\\projects\\kanban\\src\\components\\HumanValidationSection.tsx": {"lines":{"total":3,"covered":0,"skipped":0,"pct":0},"functions":{"total":3,"covered":0,"skipped":0,"pct":0},"statements":{"total":3,"covered":0,"skipped":0,"pct":0},"branches":{"total":0,"covered":0,"skipped":0,"pct":100}}
,"D:\\Cursor Projects\\portfolio-2026-hal\\projects\\kanban\\src\\components\\ImageViewerModal.tsx": {"lines":{"total":29,"covered":0,"skipped":0,"pct":0},"functions":{"total":7,"covered":0,"skipped":0,"pct":0},"statements":{"total":32,"covered":0,"skipped":0,"pct":0},"branches":{"total":22,"covered":0,"skipped":0,"pct":0}}
,"D:\\Cursor Projects\\portfolio-2026-hal\\projects\\kanban\\src\\components\\MarkdownImage.tsx": {"lines":{"total":16,"covered":15,"skipped":0,"pct":93.75},"functions":{"total":5,"covered":4,"skipped":0,"pct":80},"statements":{"total":16,"covered":15,"skipped":0,"pct":93.75},"branches":{"total":22,"covered":17,"skipped":0,"pct":77.27}}
,"D:\\Cursor Projects\\portfolio-2026-hal\\projects\\kanban\\src\\components\\ProcessReviewSection.tsx": {"lines":{"total":71,"covered":0,"skipped":0,"pct":0},"functions":{"total":16,"covered":0,"skipped":0,"pct":0},"statements":{"total":76,"covered":0,"skipped":0,"pct":0},"branches":{"total":70,"covered":0,"skipped":0,"pct":0}}
,"D:\\Cursor Projects\\portfolio-2026-hal\\projects\\kanban\\src\\components\\QAInfoSection.tsx": {"lines":{"total":3,"covered":3,"skipped":0,"pct":100},"functions":{"total":1,"covered":1,"skipped":0,"pct":100},"statements":{"total":3,"covered":3,"skipped":0,"pct":100},"branches":{"total":8,"covered":7,"skipped":0,"pct":87.5}}
,"D:\\Cursor Projects\\portfolio-2026-hal\\projects\\kanban\\src\\components\\SortableColumn.tsx": {"lines":{"total":17,"covered":16,"skipped":0,"pct":94.11},"functions":{"total":3,"covered":2,"skipped":0,"pct":66.66},"statements":{"total":18,"covered":17,"skipped":0,"pct":94.44},"branches":{"total":46,"covered":39,"skipped":0,"pct":84.78}}
,"D:\\Cursor Projects\\portfolio-2026-hal\\projects\\kanban\\src\\components\\TicketDetailModal.tsx": {"lines":{"total":90,"covered":34,"skipped":0,"pct":37.77},"functions":{"total":14,"covered":5,"skipped":0,"pct":35.71},"statements":{"total":98,"covered":37,"skipped":0,"pct":37.75},"branches":{"total":93,"covered":34,"skipped":0,"pct":36.55}}
,"D:\\Cursor Projects\\portfolio-2026-hal\\projects\\kanban\\src\\components\\types.ts": {"lines":{"total":0,"covered":0,"skipped":0,"pct":100},"functions":{"total":0,"covered":0,"skipped":0,"pct":100},"statements":{"total":0,"covered":0,"skipped":0,"pct":100},"branches":{"total":0,"covered":0,"skipped":0,"pct":100}}
,"D:\\Cursor Projects\\portfolio-2026-hal\\projects\\kanban\\src\\components\\utils.ts": {"lines":{"total":13,"covered":7,"skipped":0,"pct":53.84},"functions":{"total":2,"covered":1,"skipped":0,"pct":50},"statements":{"total":16,"covered":7,"skipped":0,"pct":43.75},"branches":{"total":15,"covered":6,"skipped":0,"pct":40}}
,"D:\\Cursor Projects\\portfolio-2026-hal\\projects\\kanban\\src\\lib\\columnTypes.ts": {"lines":{"total":0,"covered":0,"skipped":0,"pct":100},"functions":{"total":0,"covered":0,"skipped":0,"pct":100},"statements":{"total":0,"covered":0,"skipped":0,"pct":100},"branches":{"total":0,"covered":0,"skipped":0,"pct":100}}
,"D:\\Cursor Projects\\portfolio-2026-hal\\projects\\kanban\\src\\lib\\ticketBody.ts": {"lines":{"total":60,"covered":60,"skipped":0,"pct":100},"functions":{"total":6,"covered":6,"skipped":0,"pct":100},"statements":{"total":69,"covered":68,"skipped":0,"pct":98.55},"branches":{"total":53,"covered":50,"skipped":0,"pct":94.33}}
,"D:\\Cursor Projects\\portfolio-2026-hal\\projects\\kanban\\src\\lib\\workButtonConfig.ts": {"lines":{"total":15,"covered":7,"skipped":0,"pct":46.66},"functions":{"total":3,"covered":2,"skipped":0,"pct":66.66},"statements":{"total":15,"covered":7,"skipped":0,"pct":46.66},"branches":{"total":25,"covered":13,"skipped":0,"pct":52}}
,"D:\\Cursor Projects\\portfolio-2026-hal\\projects\\kanban\\src\\lib\\workButtonHandlers.ts": {"lines":{"total":23,"covered":3,"skipped":0,"pct":13.04},"functions":{"total":4,"covered":1,"skipped":0,"pct":25},"statements":{"total":25,"covered":3,"skipped":0,"pct":12},"branches":{"total":48,"covered":0,"skipped":0,"pct":0}}
,"D:\\Cursor Projects\\portfolio-2026-hal\\projects\\kanban\\src\\lib\\workButtonMoveHandlers.ts": {"lines":{"total":48,"covered":0,"skipped":0,"pct":0},"functions":{"total":14,"covered":0,"skipped":0,"pct":0},"statements":{"total":56,"covered":0,"skipped":0,"pct":0},"branches":{"total":42,"covered":0,"skipped":0,"pct":0}}
,"D:\\Cursor Projects\\portfolio-2026-hal\\src\\AgentInstructionsViewer.test.setup.ts": {"lines":{"total":15,"covered":5,"skipped":0,"pct":33.33},"functions":{"total":11,"covered":1,"skipped":0,"pct":9.09},"statements":{"total":16,"covered":6,"skipped":0,"pct":37.5},"branches":{"total":0,"covered":0,"skipped":0,"pct":100}}
,"D:\\Cursor Projects\\portfolio-2026-hal\\src\\AgentInstructionsViewer.tsx": {"lines":{"total":27,"covered":22,"skipped":0,"pct":81.48},"functions":{"total":8,"covered":7,"skipped":0,"pct":87.5},"statements":{"total":28,"covered":22,"skipped":0,"pct":78.57},"branches":{"total":24,"covered":19,"skipped":0,"pct":79.16}}
,"D:\\Cursor Projects\\portfolio-2026-hal\\src\\App.tsx": {"lines":{"total":1728,"covered":0,"skipped":0,"pct":0},"functions":{"total":296,"covered":0,"skipped":0,"pct":0},"statements":{"total":1870,"covered":0,"skipped":0,"pct":0},"branches":{"total":1468,"covered":0,"skipped":0,"pct":0}}
,"D:\\Cursor Projects\\portfolio-2026-hal\\src\\constants.ts": {"lines":{"total":3,"covered":0,"skipped":0,"pct":0},"functions":{"total":0,"covered":0,"skipped":0,"pct":100},"statements":{"total":3,"covered":0,"skipped":0,"pct":0},"branches":{"total":0,"covered":0,"skipped":0,"pct":100}}
,"D:\\Cursor Projects\\portfolio-2026-hal\\src\\fileAccess.ts": {"lines":{"total":53,"covered":0,"skipped":0,"pct":0},"functions":{"total":6,"covered":0,"skipped":0,"pct":0},"statements":{"total":55,"covered":0,"skipped":0,"pct":0},"branches":{"total":24,"covered":0,"skipped":0,"pct":0}}
,"D:\\Cursor Projects\\portfolio-2026-hal\\src\\main.tsx": {"lines":{"total":1,"covered":0,"skipped":0,"pct":0},"functions":{"total":0,"covered":0,"skipped":0,"pct":100},"statements":{"total":1,"covered":0,"skipped":0,"pct":0},"branches":{"total":0,"covered":0,"skipped":0,"pct":100}}
,"D:\\Cursor Projects\\portfolio-2026-hal\\src\\toolCallParser.ts": {"lines":{"total":64,"covered":0,"skipped":0,"pct":0},"functions":{"total":4,"covered":0,"skipped":0,"pct":0},"statements":{"total":66,"covered":0,"skipped":0,"pct":0},"branches":{"total":50,"covered":0,"skipped":0,"pct":0}}
,"D:\\Cursor Projects\\portfolio-2026-hal\\src\\vite-env.d.ts": {"lines":{"total":0,"covered":0,"skipped":0,"pct":100},"functions":{"total":0,"covered":0,"skipped":0,"pct":100},"statements":{"total":0,"covered":0,"skipped":0,"pct":100},"branches":{"total":0,"covered":0,"skipped":0,"pct":100}}
,"D:\\Cursor Projects\\portfolio-2026-hal\\src\\components\\agent-instructions\\AgentList.tsx": {"lines":{"total":15,"covered":15,"skipped":0,"pct":100},"functions":{"total":7,"covered":7,"skipped":0,"pct":100},"statements":{"total":16,"covered":16,"skipped":0,"pct":100},"branches":{"total":19,"covered":18,"skipped":0,"pct":94.73}}
,"D:\\Cursor Projects\\portfolio-2026-hal\\src\\components\\agent-instructions\\Breadcrumbs.tsx": {"lines":{"total":7,"covered":5,"skipped":0,"pct":71.42},"functions":{"total":3,"covered":3,"skipped":0,"pct":100},"statements":{"total":8,"covered":5,"skipped":0,"pct":62.5},"branches":{"total":8,"covered":4,"skipped":0,"pct":50}}
,"D:\\Cursor Projects\\portfolio-2026-hal\\src\\components\\agent-instructions\\InstructionDetail.tsx": {"lines":{"total":3,"covered":3,"skipped":0,"pct":100},"functions":{"total":3,"covered":3,"skipped":0,"pct":100},"statements":{"total":3,"covered":3,"skipped":0,"pct":100},"branches":{"total":16,"covered":14,"skipped":0,"pct":87.5}}
,"D:\\Cursor Projects\\portfolio-2026-hal\\src\\components\\agent-instructions\\InstructionList.tsx": {"lines":{"total":22,"covered":14,"skipped":0,"pct":63.63},"functions":{"total":10,"covered":7,"skipped":0,"pct":70},"statements":{"total":25,"covered":16,"skipped":0,"pct":64},"branches":{"total":37,"covered":15,"skipped":0,"pct":40.54}}
,"D:\\Cursor Projects\\portfolio-2026-hal\\src\\components\\agent-instructions\\types.ts": {"lines":{"total":0,"covered":0,"skipped":0,"pct":100},"functions":{"total":0,"covered":0,"skipped":0,"pct":100},"statements":{"total":0,"covered":0,"skipped":0,"pct":100},"branches":{"total":0,"covered":0,"skipped":0,"pct":100}}
,"D:\\Cursor Projects\\portfolio-2026-hal\\src\\components\\agent-instructions\\utils.ts": {"lines":{"total":6,"covered":6,"skipped":0,"pct":100},"functions":{"total":4,"covered":4,"skipped":0,"pct":100},"statements":{"total":7,"covered":7,"skipped":0,"pct":100},"branches":{"total":9,"covered":8,"skipped":0,"pct":88.88}}
,"D:\\Cursor Projects\\portfolio-2026-hal\\src\\hooks\\useAgentInstructions.ts": {"lines":{"total":54,"covered":30,"skipped":0,"pct":55.55},"functions":{"total":8,"covered":6,"skipped":0,"pct":75},"statements":{"total":62,"covered":33,"skipped":0,"pct":53.22},"branches":{"total":59,"covered":23,"skipped":0,"pct":38.98}}
,"D:\\Cursor Projects\\portfolio-2026-hal\\src\\hooks\\useInstructionEdit.ts": {"lines":{"total":81,"covered":52,"skipped":0,"pct":64.19},"functions":{"total":8,"covered":5,"skipped":0,"pct":62.5},"statements":{"total":84,"covered":52,"skipped":0,"pct":61.9},"branches":{"total":83,"covered":28,"skipped":0,"pct":33.73}}
,"D:\\Cursor Projects\\portfolio-2026-hal\\src\\lib\\persistedUiState.ts": {"lines":{"total":21,"covered":21,"skipped":0,"pct":100},"functions":{"total":4,"covered":4,"skipped":0,"pct":100},"statements":{"total":21,"covered":21,"skipped":0,"pct":100},"branches":{"total":9,"covered":9,"skipped":0,"pct":100}}
,"D:\\Cursor Projects\\portfolio-2026-hal\\src\\lib\\supabase.ts": {"lines":{"total":7,"covered":7,"skipped":0,"pct":100},"functions":{"total":1,"covered":1,"skipped":0,"pct":100},"statements":{"total":7,"covered":7,"skipped":0,"pct":100},"branches":{"total":2,"covered":2,"skipped":0,"pct":100}}
,"D:\\Cursor Projects\\portfolio-2026-hal\\src\\lib\\conversationStorage\\index.ts": {"lines":{"total":0,"covered":0,"skipped":0,"pct":100},"functions":{"total":0,"covered":0,"skipped":0,"pct":100},"statements":{"total":0,"covered":0,"skipped":0,"pct":100},"branches":{"total":0,"covered":0,"skipped":0,"pct":100}}
,"D:\\Cursor Projects\\portfolio-2026-hal\\src\\lib\\conversationStorage\\persistence.ts": {"lines":{"total":42,"covered":39,"skipped":0,"pct":92.85},"functions":{"total":4,"covered":4,"skipped":0,"pct":100},"statements":{"total":42,"covered":39,"skipped":0,"pct":92.85},"branches":{"total":18,"covered":14,"skipped":0,"pct":77.77}}
,"D:\\Cursor Projects\\portfolio-2026-hal\\src\\lib\\conversationStorage\\serialization.ts": {"lines":{"total":16,"covered":15,"skipped":0,"pct":93.75},"functions":{"total":5,"covered":5,"skipped":0,"pct":100},"statements":{"total":16,"covered":15,"skipped":0,"pct":93.75},"branches":{"total":6,"covered":6,"skipped":0,"pct":100}}
,"D:\\Cursor Projects\\portfolio-2026-hal\\src\\lib\\conversationStorage\\storage-keys.ts": {"lines":{"total":2,"covered":2,"skipped":0,"pct":100},"functions":{"total":1,"covered":1,"skipped":0,"pct":100},"statements":{"total":2,"covered":2,"skipped":0,"pct":100},"branches":{"total":0,"covered":0,"skipped":0,"pct":100}}
,"D:\\Cursor Projects\\portfolio-2026-hal\\src\\lib\\conversationStorage\\test-helpers.ts": {"lines":{"total":8,"covered":8,"skipped":0,"pct":100},"functions":{"total":5,"covered":5,"skipped":0,"pct":100},"statements":{"total":8,"covered":8,"skipped":0,"pct":100},"branches":{"total":2,"covered":2,"skipped":0,"pct":100}}
,"D:\\Cursor Projects\\portfolio-2026-hal\\src\\lib\\conversationStorage\\types.ts": {"lines":{"total":0,"covered":0,"skipped":0,"pct":100},"functions":{"total":0,"covered":0,"skipped":0,"pct":100},"statements":{"total":0,"covered":0,"skipped":0,"pct":100},"branches":{"total":0,"covered":0,"skipped":0,"pct":100}}
,"D:\\Cursor Projects\\portfolio-2026-hal\\src\\lib\\conversationStorage\\validation.ts": {"lines":{"total":17,"covered":17,"skipped":0,"pct":100},"functions":{"total":1,"covered":1,"skipped":0,"pct":100},"statements":{"total":29,"covered":19,"skipped":0,"pct":65.51},"branches":{"total":30,"covered":20,"skipped":0,"pct":66.66}}
,"D:\\Cursor Projects\\portfolio-2026-hal\\src\\types\\hal.ts": {"lines":{"total":0,"covered":0,"skipped":0,"pct":100},"functions":{"total":0,"covered":0,"skipped":0,"pct":100},"statements":{"total":0,"covered":0,"skipped":0,"pct":100},"branches":{"total":0,"covered":0,"skipped":0,"pct":100}}
,"D:\\Cursor Projects\\portfolio-2026-hal\\src\\utils\\chatUtils.ts": {"lines":{"total":9,"covered":0,"skipped":0,"pct":0},"functions":{"total":3,"covered":0,"skipped":0,"pct":0},"statements":{"total":11,"covered":0,"skipped":0,"pct":0},"branches":{"total":12,"covered":0,"skipped":0,"pct":0}}
,"D:\\Cursor Projects\\portfolio-2026-hal\\src\\utils\\conversationStorage.ts": {"lines":{"total":33,"covered":0,"skipped":0,"pct":0},"functions":{"total":10,"covered":0,"skipped":0,"pct":0},"statements":{"total":34,"covered":0,"skipped":0,"pct":0},"branches":{"total":14,"covered":0,"skipped":0,"pct":0}}
}
